<?xml version="1.0" encoding="UTF-8"?>
<testsuite name="org.ada.biblioteca.service.UserServiceImplTest" tests="6" skipped="0" failures="0" errors="0" timestamp="2024-10-28T05:20:31" hostname="CODEMACHINE" time="0.052">
  <properties/>
  <testcase name="testGetUsers()" classname="org.ada.biblioteca.service.UserServiceImplTest" time="0.034"/>
  <testcase name="testFindUserById_UserFound()" classname="org.ada.biblioteca.service.UserServiceImplTest" time="0.004"/>
  <testcase name="testUpdateUser()" classname="org.ada.biblioteca.service.UserServiceImplTest" time="0.004"/>
  <testcase name="testFindUserById_UserNotFound()" classname="org.ada.biblioteca.service.UserServiceImplTest" time="0.004"/>
  <testcase name="testDeleteUser_UserFound()" classname="org.ada.biblioteca.service.UserServiceImplTest" time="0.002"/>
  <testcase name="testDeleteUser_UserNotFound()" classname="org.ada.biblioteca.service.UserServiceImplTest" time="0.002"/>
  <system-out><![CDATA[]]></system-out>
  <system-err><![CDATA[]]></system-err>
</testsuite>
