<?xml version="1.0" encoding="UTF-8"?>
<testsuite name="org.ada.biblioteca.controller.UserControllerTest" tests="4" skipped="0" failures="0" errors="0" timestamp="2024-10-28T05:20:30" hostname="CODEMACHINE" time="0.068">
  <properties/>
  <testcase name="testGetUsers()" classname="org.ada.biblioteca.controller.UserControllerTest" time="0.05"/>
  <testcase name="testUpdateUser()" classname="org.ada.biblioteca.controller.UserControllerTest" time="0.003"/>
  <testcase name="testGetUser()" classname="org.ada.biblioteca.controller.UserControllerTest" time="0.002"/>
  <testcase name="testDeleteUser()" classname="org.ada.biblioteca.controller.UserControllerTest" time="0.01"/>
  <system-out><![CDATA[]]></system-out>
  <system-err><![CDATA[]]></system-err>
</testsuite>
