<?xml version="1.0" encoding="UTF-8"?>
<testsuite name="org.ada.biblioteca.controller.BookControllerTest" tests="5" skipped="0" failures="0" errors="0" timestamp="2024-10-28T05:20:29" hostname="CODEMACHINE" time="0.155">
  <properties/>
  <testcase name="testGetAllBooks()" classname="org.ada.biblioteca.controller.BookControllerTest" time="0.128"/>
  <testcase name="testUpdateBook()" classname="org.ada.biblioteca.controller.BookControllerTest" time="0.011"/>
  <testcase name="testGetBookById()" classname="org.ada.biblioteca.controller.BookControllerTest" time="0.004"/>
  <testcase name="testCreateBook()" classname="org.ada.biblioteca.controller.BookControllerTest" time="0.002"/>
  <testcase name="testDeleteBook()" classname="org.ada.biblioteca.controller.BookControllerTest" time="0.004"/>
  <system-out><![CDATA[]]></system-out>
  <system-err><![CDATA[]]></system-err>
</testsuite>
