<?xml version="1.0" encoding="UTF-8"?>
<testsuite name="org.ada.biblioteca.service.AuthenticationServiceTest" tests="5" skipped="0" failures="0" errors="0" timestamp="2024-10-28T05:20:30" hostname="CODEMACHINE" time="0.133">
  <properties/>
  <testcase name="testGetRolesName_Success()" classname="org.ada.biblioteca.service.AuthenticationServiceTest" time="0.105"/>
  <testcase name="testLogin_Success()" classname="org.ada.biblioteca.service.AuthenticationServiceTest" time="0.006"/>
  <testcase name="testLogin_UserNotFound()" classname="org.ada.biblioteca.service.AuthenticationServiceTest" time="0.006"/>
  <testcase name="testSignup_Success()" classname="org.ada.biblioteca.service.AuthenticationServiceTest" time="0.007"/>
  <testcase name="testSignup_RoleNotFound()" classname="org.ada.biblioteca.service.AuthenticationServiceTest" time="0.003"/>
  <system-out><![CDATA[]]></system-out>
  <system-err><![CDATA[]]></system-err>
</testsuite>
