<?xml version="1.0" encoding="UTF-8"?>
<testsuite name="org.ada.biblioteca.controller.RoleControllerTest" tests="5" skipped="0" failures="0" errors="0" timestamp="2024-10-28T05:20:30" hostname="CODEMACHINE" time="0.057">
  <properties/>
  <testcase name="testGetRoles()" classname="org.ada.biblioteca.controller.RoleControllerTest" time="0.042"/>
  <testcase name="testUpdateRole()" classname="org.ada.biblioteca.controller.RoleControllerTest" time="0.003"/>
  <testcase name="testGetRole()" classname="org.ada.biblioteca.controller.RoleControllerTest" time="0.002"/>
  <testcase name="testCreateRole()" classname="org.ada.biblioteca.controller.RoleControllerTest" time="0.003"/>
  <testcase name="testDeleteRole()" classname="org.ada.biblioteca.controller.RoleControllerTest" time="0.001"/>
  <system-out><![CDATA[]]></system-out>
  <system-err><![CDATA[]]></system-err>
</testsuite>
